# JRE version: OpenJDK Runtime Environment (13.0.2+9) (build 13.0.2+9)
# Java VM: OpenJDK 64-Bit Server VM (13.0.2+9, mixed mode, sharing, tiered, compressed oops, g1 gc, windows-amd64)
Heap:
 garbage-first heap   total 203776K, used 146446K [0x0000000709a00000, 0x0000000800000000)
  region size 1024K, 28 young (28672K), 4 survivors (4096K)
 Metaspace       used 52168K, capacity 53503K, committed 53760K, reserved 1095680K
  class space    used 7075K, capacity 7592K, committed 7680K, reserved 1048576K
GC Heap History (20 events):
Event: 11.118 GC heap before
{Heap before GC invocations=17 (full 0):
 garbage-first heap   total 92160K, used 75024K [0x0000000709a00000, 0x0000000800000000)
  region size 1024K, 24 young (24576K), 4 survivors (4096K)
 Metaspace       used 41150K, capacity 41662K, committed 42112K, reserved 1085440K
  class space    used 5469K, capacity 5638K, committed 5760K, reserved 1048576K
}
Event: 11.122 GC heap after
{Heap after GC invocations=18 (full 0):
 garbage-first heap   total 92160K, used 57687K [0x0000000709a00000, 0x0000000800000000)
  region size 1024K, 3 young (3072K), 3 survivors (3072K)
 Metaspace       used 41150K, capacity 41662K, committed 42112K, reserved 1085440K
  class space    used 5469K, capacity 5638K, committed 5760K, reserved 1048576K
}
Event: 11.253 GC heap before
{Heap before GC invocations=19 (full 0):
 garbage-first heap   total 101376K, used 74071K [0x0000000709a00000, 0x0000000800000000)
  region size 1024K, 20 young (20480K), 3 survivors (3072K)
 Metaspace       used 41467K, capacity 41950K, committed 42368K, reserved 1085440K
  class space    used 5556K, capacity 5734K, committed 5760K, reserved 1048576K
}
Event: 11.255 GC heap after
{Heap after GC invocations=20 (full 0):
 garbage-first heap   total 101376K, used 60702K [0x0000000709a00000, 0x0000000800000000)
  region size 1024K, 3 young (3072K), 3 survivors (3072K)
 Metaspace       used 41467K, capacity 41950K, committed 42368K, reserved 1085440K
  class space    used 5556K, capacity 5734K, committed 5760K, reserved 1048576K
}
Event: 11.331 GC heap before
{Heap before GC invocations=20 (full 0):
 garbage-first heap   total 101376K, used 69918K [0x0000000709a00000, 0x0000000800000000)
  region size 1024K, 13 young (13312K), 3 survivors (3072K)
 Metaspace       used 41612K, capacity 42142K, committed 42496K, reserved 1085440K
  class space    used 5602K, capacity 5798K, committed 5888K, reserved 1048576K
}
Event: 11.334 GC heap after
{Heap after GC invocations=21 (full 0):
 garbage-first heap   total 101376K, used 62179K [0x0000000709a00000, 0x0000000800000000)
  region size 1024K, 2 young (2048K), 2 survivors (2048K)
 Metaspace       used 41612K, capacity 42142K, committed 42496K, reserved 1085440K
  class space    used 5602K, capacity 5798K, committed 5888K, reserved 1048576K
}
Event: 11.414 GC heap before
{Heap before GC invocations=22 (full 0):
 garbage-first heap   total 135168K, used 86755K [0x0000000709a00000, 0x0000000800000000)
  region size 1024K, 18 young (18432K), 2 survivors (2048K)
 Metaspace       used 41752K, capacity 42269K, committed 42752K, reserved 1085440K
  class space    used 5640K, capacity 5819K, committed 5888K, reserved 1048576K
}
Event: 11.416 GC heap after
{Heap after GC invocations=23 (full 0):
 garbage-first heap   total 135168K, used 72052K [0x0000000709a00000, 0x0000000800000000)
  region size 1024K, 3 young (3072K), 3 survivors (3072K)
 Metaspace       used 41752K, capacity 42269K, committed 42752K, reserved 1085440K
  class space    used 5640K, capacity 5819K, committed 5888K, reserved 1048576K
}
Event: 11.592 GC heap before
{Heap before GC invocations=23 (full 0):
 garbage-first heap   total 135168K, used 96628K [0x0000000709a00000, 0x0000000800000000)
  region size 1024K, 28 young (28672K), 3 survivors (3072K)
 Metaspace       used 42311K, capacity 43088K, committed 43264K, reserved 1087488K
  class space    used 5767K, capacity 6049K, committed 6144K, reserved 1048576K
}
Event: 11.596 GC heap after
{Heap after GC invocations=24 (full 0):
 garbage-first heap   total 135168K, used 77179K [0x0000000709a00000, 0x0000000800000000)
  region size 1024K, 4 young (4096K), 4 survivors (4096K)
 Metaspace       used 42311K, capacity 43088K, committed 43264K, reserved 1087488K
  class space    used 5767K, capacity 6049K, committed 6144K, reserved 1048576K
}
Event: 11.770 GC heap before
{Heap before GC invocations=25 (full 0):
 garbage-first heap   total 135168K, used 101755K [0x0000000709a00000, 0x0000000800000000)
  region size 1024K, 28 young (28672K), 4 survivors (4096K)
 Metaspace       used 42731K, capacity 43734K, committed 43904K, reserved 1087488K
  class space    used 5875K, capacity 6243K, committed 6272K, reserved 1048576K
}
Event: 11.773 GC heap after
{Heap after GC invocations=26 (full 0):
 garbage-first heap   total 135168K, used 82045K [0x0000000709a00000, 0x0000000800000000)
  region size 1024K, 4 young (4096K), 4 survivors (4096K)
 Metaspace       used 42731K, capacity 43734K, committed 43904K, reserved 1087488K
  class space    used 5875K, capacity 6243K, committed 6272K, reserved 1048576K
}
Event: 11.915 GC heap before
{Heap before GC invocations=26 (full 0):
 garbage-first heap   total 135168K, used 95357K [0x0000000709a00000, 0x0000000800000000)
  region size 1024K, 19 young (19456K), 4 survivors (4096K)
 Metaspace       used 43204K, capacity 44320K, committed 44544K, reserved 1087488K
  class space    used 5921K, capacity 6353K, committed 6400K, reserved 1048576K
}
Event: 11.918 GC heap after
{Heap after GC invocations=27 (full 0):
 garbage-first heap   total 135168K, used 86411K [0x0000000709a00000, 0x0000000800000000)
  region size 1024K, 4 young (4096K), 4 survivors (4096K)
 Metaspace       used 43204K, capacity 44320K, committed 44544K, reserved 1087488K
  class space    used 5921K, capacity 6353K, committed 6400K, reserved 1048576K
}
Event: 11.965 GC heap before
{Heap before GC invocations=28 (full 0):
 garbage-first heap   total 203776K, used 136587K [0x0000000709a00000, 0x0000000800000000)
  region size 1024K, 22 young (22528K), 4 survivors (4096K)
 Metaspace       used 43205K, capacity 44320K, committed 44544K, reserved 1087488K
  class space    used 5921K, capacity 6353K, committed 6400K, reserved 1048576K
}
Event: 11.967 GC heap after
{Heap after GC invocations=29 (full 0):
 garbage-first heap   total 203776K, used 119426K [0x0000000709a00000, 0x0000000800000000)
  region size 1024K, 1 young (1024K), 1 survivors (1024K)
 Metaspace       used 43205K, capacity 44320K, committed 44544K, reserved 1087488K
  class space    used 5921K, capacity 6353K, committed 6400K, reserved 1048576K
}
Event: 57.961 GC heap before
{Heap before GC invocations=29 (full 0):
 garbage-first heap   total 203776K, used 147074K [0x0000000709a00000, 0x0000000800000000)
  region size 1024K, 29 young (29696K), 1 survivors (1024K)
 Metaspace       used 44560K, capacity 45708K, committed 45952K, reserved 1089536K
  class space    used 6027K, capacity 6452K, committed 6528K, reserved 1048576K
}
Event: 57.962 GC heap after
{Heap after GC invocations=30 (full 0):
 garbage-first heap   total 203776K, used 119999K [0x0000000709a00000, 0x0000000800000000)
  region size 1024K, 1 young (1024K), 1 survivors (1024K)
 Metaspace       used 44560K, capacity 45708K, committed 45952K, reserved 1089536K
  class space    used 6027K, capacity 6452K, committed 6528K, reserved 1048576K
}
Event: 73.346 GC heap before
{Heap before GC invocations=31 (full 0):
 garbage-first heap   total 203776K, used 150719K [0x0000000709a00000, 0x0000000800000000)
  region size 1024K, 32 young (32768K), 1 survivors (1024K)
 Metaspace       used 51501K, capacity 52797K, committed 52992K, reserved 1095680K
  class space    used 7050K, capacity 7591K, committed 7680K, reserved 1048576K
}
Event: 73.349 GC heap after
{Heap after GC invocations=32 (full 0):
 garbage-first heap   total 203776K, used 122894K [0x0000000709a00000, 0x0000000800000000)
  region size 1024K, 4 young (4096K), 4 survivors (4096K)
 Metaspace       used 51501K, capacity 52797K, committed 52992K, reserved 1095680K
  class space    used 7050K, capacity 7591K, committed 7680K, reserved 1048576K
}

